[2020-07-30 14:46:31] INFO Login request received..
[2020-07-30 14:46:31] INFO Authenticating User now..
[2020-07-30 14:46:31] INFO Loading Session for the user
[2020-07-30 14:46:31] INFO Loading Core Engine Session...
[2020-07-30 14:46:31] INFO Loading Catalog Engine Session...
[2020-07-30 14:46:31] INFO Loading IO Engine Session...
[2020-07-30 14:46:31] INFO Loading Catalog & DataModel Details for the User...
[2020-07-30 14:46:31] INFO Loading User Details
[2020-07-30 14:48:27] INFO Login request received..
[2020-07-30 14:48:28] INFO Authenticating User now..
[2020-07-30 14:48:28] INFO Loading Session for the user
[2020-07-30 14:48:28] INFO Loading Core Engine Session...
[2020-07-30 14:48:28] INFO Loading Catalog Engine Session...
[2020-07-30 14:48:28] INFO Loading IO Engine Session...
[2020-07-30 14:48:28] INFO Loading Catalog & DataModel Details for the User...
[2020-07-30 14:48:28] INFO Loading User Details
[2020-07-30 14:50:38] INFO Authenticating User now..
[2020-07-30 14:50:38] INFO Loading Session for the user
[2020-07-30 14:50:38] INFO Loading Core Engine Session...
[2020-07-30 14:50:38] INFO Loading Catalog Engine Session...
[2020-07-30 14:50:38] INFO Loading IO Engine Session...
[2020-07-30 14:50:38] INFO Loading Catalog & DataModel Details for the User...
[2020-07-30 14:50:38] INFO Loading User Details
