2020-07-31 06:45:08,322-INFO-components.core.modules.settings::settings|37:: Initializing Core Engine Parameters..
2020-07-31 06:45:08,322-INFO-components.core.modules.settings::settings|86:: Reading Constants..
2020-07-31 06:45:08,323-INFO-components.core.modules.settings::settings|176:: Loading constants..
2020-07-31 06:45:08,341-INFO-components.core.modules.settings::settings|134:: Reading lookups..
2020-07-31 06:45:08,341-INFO-components.core.modules.settings::settings|209:: Loading lookups..
2020-07-31 06:45:08,342-INFO-components.core.modules.settings::settings|102:: Reading Messages..
2020-07-31 06:45:08,342-INFO-components.core.modules.settings::settings|187:: Loading messages..
2020-07-31 06:45:08,343-ERROR-components.core.modules.settings::settings|193:: Expecting value: line 1 column 1 (char 0)
2020-07-31 06:45:08,343-INFO-components.core.modules.settings::settings|118:: Reading Masters..
2020-07-31 06:45:08,343-INFO-components.core.modules.settings::settings|198:: Loading master..
2020-07-31 06:45:08,357-INFO-components.core.modules.settings::settings|52:: Reading Constants..
2020-07-31 06:45:08,357-INFO-components.core.modules.settings::settings|152:: Loading Display Components..
2020-07-31 06:45:08,370-INFO-components.core.modules.settings::settings|69:: Reading Charts..
2020-07-31 06:45:08,371-INFO-components.core.modules.settings::settings|165:: Loading Charts..
2020-07-31 06:45:08,756-INFO-components.core.modules.settings::settings|37:: Initializing Core Engine Parameters..
2020-07-31 06:45:08,757-INFO-components.core.modules.settings::settings|86:: Reading Constants..
2020-07-31 06:45:08,757-INFO-components.core.modules.settings::settings|176:: Loading constants..
2020-07-31 06:45:08,757-INFO-components.core.modules.settings::settings|134:: Reading lookups..
2020-07-31 06:45:08,757-INFO-components.core.modules.settings::settings|209:: Loading lookups..
2020-07-31 06:45:08,757-INFO-components.core.modules.settings::settings|102:: Reading Messages..
2020-07-31 06:45:08,757-INFO-components.core.modules.settings::settings|187:: Loading messages..
2020-07-31 06:45:08,757-ERROR-components.core.modules.settings::settings|193:: Expecting value: line 1 column 1 (char 0)
2020-07-31 06:45:08,758-INFO-components.core.modules.settings::settings|118:: Reading Masters..
2020-07-31 06:45:08,758-INFO-components.core.modules.settings::settings|198:: Loading master..
2020-07-31 06:45:08,758-INFO-components.core.modules.settings::settings|52:: Reading Constants..
2020-07-31 06:45:08,758-INFO-components.core.modules.settings::settings|152:: Loading Display Components..
2020-07-31 06:45:08,758-INFO-components.core.modules.settings::settings|69:: Reading Charts..
2020-07-31 06:45:08,759-INFO-components.core.modules.settings::settings|165:: Loading Charts..
2020-07-31 07:07:26,759-INFO-components.core.modules.settings::settings|37:: Initializing Core Engine Parameters..
2020-07-31 07:07:26,759-INFO-components.core.modules.settings::settings|86:: Reading Constants..
2020-07-31 07:07:26,759-INFO-components.core.modules.settings::settings|176:: Loading constants..
2020-07-31 07:07:26,760-INFO-components.core.modules.settings::settings|134:: Reading lookups..
2020-07-31 07:07:26,760-INFO-components.core.modules.settings::settings|209:: Loading lookups..
2020-07-31 07:07:26,760-INFO-components.core.modules.settings::settings|102:: Reading Messages..
2020-07-31 07:07:26,760-INFO-components.core.modules.settings::settings|187:: Loading messages..
2020-07-31 07:07:26,760-ERROR-components.core.modules.settings::settings|193:: Expecting value: line 1 column 1 (char 0)
2020-07-31 07:07:26,760-INFO-components.core.modules.settings::settings|118:: Reading Masters..
2020-07-31 07:07:26,760-INFO-components.core.modules.settings::settings|198:: Loading master..
2020-07-31 07:07:26,760-INFO-components.core.modules.settings::settings|52:: Reading Constants..
2020-07-31 07:07:26,760-INFO-components.core.modules.settings::settings|152:: Loading Display Components..
2020-07-31 07:07:26,761-INFO-components.core.modules.settings::settings|69:: Reading Charts..
2020-07-31 07:07:26,761-INFO-components.core.modules.settings::settings|165:: Loading Charts..
2020-07-31 07:07:27,149-INFO-components.core.modules.settings::settings|37:: Initializing Core Engine Parameters..
2020-07-31 07:07:27,149-INFO-components.core.modules.settings::settings|86:: Reading Constants..
2020-07-31 07:07:27,150-INFO-components.core.modules.settings::settings|176:: Loading constants..
2020-07-31 07:07:27,150-INFO-components.core.modules.settings::settings|134:: Reading lookups..
2020-07-31 07:07:27,150-INFO-components.core.modules.settings::settings|209:: Loading lookups..
2020-07-31 07:07:27,150-INFO-components.core.modules.settings::settings|102:: Reading Messages..
2020-07-31 07:07:27,150-INFO-components.core.modules.settings::settings|187:: Loading messages..
2020-07-31 07:07:27,150-ERROR-components.core.modules.settings::settings|193:: Expecting value: line 1 column 1 (char 0)
2020-07-31 07:07:27,150-INFO-components.core.modules.settings::settings|118:: Reading Masters..
2020-07-31 07:07:27,150-INFO-components.core.modules.settings::settings|198:: Loading master..
2020-07-31 07:07:27,151-INFO-components.core.modules.settings::settings|52:: Reading Constants..
2020-07-31 07:07:27,151-INFO-components.core.modules.settings::settings|152:: Loading Display Components..
2020-07-31 07:07:27,151-INFO-components.core.modules.settings::settings|69:: Reading Charts..
2020-07-31 07:07:27,151-INFO-components.core.modules.settings::settings|165:: Loading Charts..
2020-07-31 07:42:13,759-INFO-components.core.modules.settings::settings|37:: Initializing Core Engine Parameters..
2020-07-31 07:42:13,759-INFO-components.core.modules.settings::settings|86:: Reading Constants..
2020-07-31 07:42:13,759-INFO-components.core.modules.settings::settings|176:: Loading constants..
2020-07-31 07:42:13,759-INFO-components.core.modules.settings::settings|134:: Reading lookups..
2020-07-31 07:42:13,760-INFO-components.core.modules.settings::settings|209:: Loading lookups..
2020-07-31 07:42:13,760-INFO-components.core.modules.settings::settings|102:: Reading Messages..
2020-07-31 07:42:13,760-INFO-components.core.modules.settings::settings|187:: Loading messages..
2020-07-31 07:42:13,760-ERROR-components.core.modules.settings::settings|193:: Expecting value: line 1 column 1 (char 0)
2020-07-31 07:42:13,760-INFO-components.core.modules.settings::settings|118:: Reading Masters..
2020-07-31 07:42:13,760-INFO-components.core.modules.settings::settings|198:: Loading master..
2020-07-31 07:42:13,760-INFO-components.core.modules.settings::settings|52:: Reading Constants..
2020-07-31 07:42:13,760-INFO-components.core.modules.settings::settings|152:: Loading Display Components..
2020-07-31 07:42:13,761-INFO-components.core.modules.settings::settings|69:: Reading Charts..
2020-07-31 07:42:13,761-INFO-components.core.modules.settings::settings|165:: Loading Charts..
2020-07-31 07:42:14,113-INFO-components.core.modules.settings::settings|37:: Initializing Core Engine Parameters..
2020-07-31 07:42:14,114-INFO-components.core.modules.settings::settings|86:: Reading Constants..
2020-07-31 07:42:14,114-INFO-components.core.modules.settings::settings|176:: Loading constants..
2020-07-31 07:42:14,114-INFO-components.core.modules.settings::settings|134:: Reading lookups..
2020-07-31 07:42:14,114-INFO-components.core.modules.settings::settings|209:: Loading lookups..
2020-07-31 07:42:14,114-INFO-components.core.modules.settings::settings|102:: Reading Messages..
2020-07-31 07:42:14,114-INFO-components.core.modules.settings::settings|187:: Loading messages..
2020-07-31 07:42:14,114-ERROR-components.core.modules.settings::settings|193:: Expecting value: line 1 column 1 (char 0)
2020-07-31 07:42:14,115-INFO-components.core.modules.settings::settings|118:: Reading Masters..
2020-07-31 07:42:14,115-INFO-components.core.modules.settings::settings|198:: Loading master..
2020-07-31 07:42:14,115-INFO-components.core.modules.settings::settings|52:: Reading Constants..
2020-07-31 07:42:14,115-INFO-components.core.modules.settings::settings|152:: Loading Display Components..
2020-07-31 07:42:14,115-INFO-components.core.modules.settings::settings|69:: Reading Charts..
2020-07-31 07:42:14,115-INFO-components.core.modules.settings::settings|165:: Loading Charts..
2020-07-31 07:58:34,644-INFO-components.core.modules.settings::settings|37:: Initializing Core Engine Parameters..
2020-07-31 07:58:34,644-INFO-components.core.modules.settings::settings|86:: Reading Constants..
2020-07-31 07:58:34,644-INFO-components.core.modules.settings::settings|176:: Loading constants..
2020-07-31 07:58:34,644-INFO-components.core.modules.settings::settings|134:: Reading lookups..
2020-07-31 07:58:34,644-INFO-components.core.modules.settings::settings|209:: Loading lookups..
2020-07-31 07:58:34,645-INFO-components.core.modules.settings::settings|102:: Reading Messages..
2020-07-31 07:58:34,645-INFO-components.core.modules.settings::settings|187:: Loading messages..
2020-07-31 07:58:34,645-ERROR-components.core.modules.settings::settings|193:: Expecting value: line 1 column 1 (char 0)
2020-07-31 07:58:34,645-INFO-components.core.modules.settings::settings|118:: Reading Masters..
2020-07-31 07:58:34,645-INFO-components.core.modules.settings::settings|198:: Loading master..
2020-07-31 07:58:34,645-INFO-components.core.modules.settings::settings|52:: Reading Constants..
2020-07-31 07:58:34,645-INFO-components.core.modules.settings::settings|152:: Loading Display Components..
2020-07-31 07:58:34,646-INFO-components.core.modules.settings::settings|69:: Reading Charts..
2020-07-31 07:58:34,646-INFO-components.core.modules.settings::settings|165:: Loading Charts..
2020-07-31 07:58:35,004-INFO-components.core.modules.settings::settings|37:: Initializing Core Engine Parameters..
2020-07-31 07:58:35,004-INFO-components.core.modules.settings::settings|86:: Reading Constants..
2020-07-31 07:58:35,004-INFO-components.core.modules.settings::settings|176:: Loading constants..
2020-07-31 07:58:35,004-INFO-components.core.modules.settings::settings|134:: Reading lookups..
2020-07-31 07:58:35,004-INFO-components.core.modules.settings::settings|209:: Loading lookups..
2020-07-31 07:58:35,004-INFO-components.core.modules.settings::settings|102:: Reading Messages..
2020-07-31 07:58:35,005-INFO-components.core.modules.settings::settings|187:: Loading messages..
2020-07-31 07:58:35,005-ERROR-components.core.modules.settings::settings|193:: Expecting value: line 1 column 1 (char 0)
2020-07-31 07:58:35,005-INFO-components.core.modules.settings::settings|118:: Reading Masters..
2020-07-31 07:58:35,005-INFO-components.core.modules.settings::settings|198:: Loading master..
2020-07-31 07:58:35,005-INFO-components.core.modules.settings::settings|52:: Reading Constants..
2020-07-31 07:58:35,005-INFO-components.core.modules.settings::settings|152:: Loading Display Components..
2020-07-31 07:58:35,006-INFO-components.core.modules.settings::settings|69:: Reading Charts..
2020-07-31 07:58:35,006-INFO-components.core.modules.settings::settings|165:: Loading Charts..
