2020-04-20 00:54:57,018-ERROR-core.modules.settings-7327::settings|27:: Initializing Core Engine now..
2020-04-20 01:03:04,750-ERROR-core.modules.settings-7448::settings|85:: 'isEncrypted'
2020-04-20 01:04:10,983-ERROR-core.modules.settings-7456::settings|85:: 'isEncrypted'
2020-04-20 01:04:23,869-ERROR-core.modules.settings-7460::settings|85:: 'isEncrypted'
2020-04-20 01:06:35,846-ERROR-core.modules.settings-7491::settings|85:: 'isEncrypted'
2020-04-20 20:56:26,229-ERROR-core.modules.settings-5535::settings|112:: Expecting value: line 1 column 1 (char 0)
2020-04-20 20:56:26,229-ERROR-core.modules.settings-5535::settings|90:: 'isEncrypted'
2020-04-20 20:58:50,776-ERROR-core.modules.settings-5566::settings|112:: Expecting value: line 1 column 1 (char 0)
2020-04-20 20:58:50,776-ERROR-core.modules.settings-5566::settings|90:: 'isEncrypted'
2020-04-20 20:59:40,551-ERROR-core.modules.settings-5572::settings|112:: Expecting value: line 1 column 1 (char 0)
2020-04-22 00:12:26,088-ERROR-modules.settings-8665::settings|130:: Expecting value: line 1 column 1 (char 0)
2020-05-15 14:55:02,415-ERROR-components.core.modules.settings-19450::settings|130:: Expecting value: line 1 column 1 (char 0)
2020-05-15 14:55:32,465-ERROR-components.core.modules.settings-19462::settings|130:: Expecting value: line 1 column 1 (char 0)
2020-05-15 14:58:17,120-ERROR-components.core.modules.settings-19505::settings|130:: Expecting value: line 1 column 1 (char 0)
2020-05-15 18:00:37,067-ERROR-components.core.modules.settings-20145::settings|130:: Expecting value: line 1 column 1 (char 0)
2020-05-15 18:01:29,605-ERROR-components.core.modules.settings-20168::settings|130:: Expecting value: line 1 column 1 (char 0)
2020-05-15 18:02:02,257-ERROR-components.core.modules.settings-20203::settings|130:: Expecting value: line 1 column 1 (char 0)
2020-05-15 18:02:26,151-ERROR-components.core.modules.settings-20227::settings|130:: Expecting value: line 1 column 1 (char 0)
2020-05-15 18:02:51,164-ERROR-components.core.modules.settings-20247::settings|130:: Expecting value: line 1 column 1 (char 0)
2020-05-15 18:04:08,229-ERROR-components.core.modules.settings-20279::settings|130:: Expecting value: line 1 column 1 (char 0)
2020-05-15 18:05:02,647-ERROR-components.core.modules.settings-20300::settings|130:: Expecting value: line 1 column 1 (char 0)
2020-05-15 18:05:12,532-ERROR-components.core.modules.settings-20302::settings|130:: Expecting value: line 1 column 1 (char 0)
2020-05-15 18:10:51,437-ERROR-components.core.modules.settings-20454::settings|130:: Expecting value: line 1 column 1 (char 0)
2020-05-15 18:11:11,059-ERROR-components.core.modules.settings-20471::settings|130:: Expecting value: line 1 column 1 (char 0)
2020-05-15 18:11:46,414-ERROR-components.core.modules.settings-20485::settings|130:: Expecting value: line 1 column 1 (char 0)
2020-05-15 18:12:43,300-ERROR-components.core.modules.settings-20508::settings|130:: Expecting value: line 1 column 1 (char 0)
2020-05-15 18:13:09,487-ERROR-components.core.modules.settings-20524::settings|130:: Expecting value: line 1 column 1 (char 0)
2020-05-15 18:13:25,099-ERROR-components.core.modules.settings-20537::settings|130:: Expecting value: line 1 column 1 (char 0)
2020-05-15 18:13:43,063-ERROR-components.core.modules.settings-20553::settings|130:: Expecting value: line 1 column 1 (char 0)
2020-05-15 18:17:30,682-ERROR-components.core.modules.settings-20636::settings|130:: Expecting value: line 1 column 1 (char 0)
2020-05-15 18:18:18,481-ERROR-components.core.modules.settings-20682::settings|130:: Expecting value: line 1 column 1 (char 0)
2020-05-15 18:18:28,606-ERROR-components.core.modules.settings-20686::settings|130:: Expecting value: line 1 column 1 (char 0)
2020-05-18 15:21:50,185-ERROR-components.core.modules.settings-4575::settings|130:: Expecting value: line 1 column 1 (char 0)
2020-05-18 15:24:45,123-ERROR-components.core.modules.settings-4612::settings|130:: Expecting value: line 1 column 1 (char 0)
2020-05-18 15:24:56,430-ERROR-components.core.modules.settings-4629::settings|130:: Expecting value: line 1 column 1 (char 0)
2020-05-18 15:25:25,793-ERROR-components.core.modules.settings-4657::settings|130:: Expecting value: line 1 column 1 (char 0)
2020-05-18 15:28:45,094-ERROR-components.core.modules.settings-4788::settings|130:: Expecting value: line 1 column 1 (char 0)
2020-05-18 15:34:20,413-ERROR-components.core.modules.settings-4938::settings|130:: Expecting value: line 1 column 1 (char 0)
2020-05-18 15:35:45,839-ERROR-components.core.modules.settings-5010::settings|130:: Expecting value: line 1 column 1 (char 0)
2020-05-18 15:36:59,609-ERROR-components.core.modules.settings-5044::settings|130:: Expecting value: line 1 column 1 (char 0)
2020-05-18 15:38:00,098-ERROR-components.core.modules.settings-5097::settings|130:: Expecting value: line 1 column 1 (char 0)
2020-05-18 15:41:36,725-ERROR-components.core.modules.settings-5192::settings|130:: Expecting value: line 1 column 1 (char 0)
2020-05-18 15:43:39,212-ERROR-components.core.modules.settings-5268::settings|130:: Expecting value: line 1 column 1 (char 0)
2020-05-18 15:44:52,189-ERROR-components.core.modules.settings-5364::settings|130:: Expecting value: line 1 column 1 (char 0)
2020-05-18 15:45:24,131-ERROR-components.core.modules.settings-5400::settings|130:: Expecting value: line 1 column 1 (char 0)
2020-05-18 18:08:00,238-ERROR-components.core.modules.settings-5880::settings|130:: Expecting value: line 1 column 1 (char 0)
2020-05-18 18:08:14,137-ERROR-components.core.modules.settings-5892::settings|130:: Expecting value: line 1 column 1 (char 0)
2020-05-18 18:08:39,635-ERROR-components.core.modules.settings-5912::settings|130:: Expecting value: line 1 column 1 (char 0)
2020-05-18 18:08:46,154-ERROR-components.core.modules.settings-5915::settings|130:: Expecting value: line 1 column 1 (char 0)
2020-05-18 18:15:22,976-ERROR-components.core.modules.settings-5999::settings|130:: Expecting value: line 1 column 1 (char 0)
2020-05-18 18:15:25,296-ERROR-components.core.modules.settings-6001::settings|130:: Expecting value: line 1 column 1 (char 0)
