2020-04-21 19:19:00,468-ERROR-components.product.modules.settings-9616::settings|152:: Expecting value: line 10 column 27 (char 507)
2020-04-21 19:19:00,751-ERROR-components.product.modules.settings-9618::settings|152:: Expecting value: line 10 column 27 (char 507)
2020-04-23 18:18:38,524-ERROR-components.product.modules.settings-12472::productEngine|59:: Error in initializing Product Engine!!dump() missing 1 required positional argument: 'fp'
2020-04-23 23:48:39,172-ERROR-components.product.modules.settings-12477::productEngine|59:: Error in initializing Product Engine!!dump() takes at least 2 arguments (1 given)
2020-04-23 18:19:58,122-ERROR-components.product.modules.settings-12527::productEngine|59:: Error in initializing Product Engine!!dump() missing 1 required positional argument: 'fp'
2020-04-23 18:20:02,819-ERROR-components.product.modules.settings-12531::productEngine|59:: Error in initializing Product Engine!!dump() missing 1 required positional argument: 'fp'
2020-04-23 23:50:05,971-ERROR-components.product.modules.settings-12536::productEngine|59:: Error in initializing Product Engine!!dump() takes at least 2 arguments (1 given)
2020-04-23 18:20:32,485-ERROR-components.product.modules.settings-12548::productEngine|59:: Error in initializing Product Engine!!dump() missing 1 required positional argument: 'fp'
2020-04-23 23:50:33,428-ERROR-components.product.modules.settings-12552::productEngine|59:: Error in initializing Product Engine!!dump() takes at least 2 arguments (1 given)
2020-04-23 18:22:49,099-ERROR-components.product.modules.settings-12592::productEngine|59:: Error in initializing Product Engine!!dump() missing 1 required positional argument: 'fp'
2020-04-23 18:22:52,827-ERROR-components.product.modules.settings-12596::productEngine|59:: Error in initializing Product Engine!!dump() missing 1 required positional argument: 'fp'
2020-04-23 23:52:53,670-ERROR-components.product.modules.settings-12602::productEngine|59:: Error in initializing Product Engine!!dump() takes at least 2 arguments (1 given)
2020-04-23 18:23:25,824-ERROR-components.product.modules.settings-12613::productEngine|59:: Error in initializing Product Engine!!dump() missing 1 required positional argument: 'fp'
2020-04-23 23:53:26,600-ERROR-components.product.modules.settings-12618::productEngine|59:: Error in initializing Product Engine!!dump() takes at least 2 arguments (1 given)
2020-04-23 23:53:26,600-ERROR-product.productEngine-12618::productEngine|69:: Activation file already exists. Please delete the file and proceed
2020-04-23 18:24:27,922-ERROR-components.product.modules.settings-12630::productEngine|57:: Error in initializing Product Engine!!dump() missing 1 required positional argument: 'fp'
2020-04-23 18:25:24,891-ERROR-components.product.modules.settings-12644::productEngine|57:: Error in initializing Product Engine!!dump() missing 1 required positional argument: 'fp'
2020-04-23 18:25:39,121-ERROR-components.product.modules.settings-12656::productEngine|57:: Error in initializing Product Engine!!dump() missing 1 required positional argument: 'fp'
2020-04-23 18:25:54,312-ERROR-components.product.modules.settings-12665::productEngine|57:: Error in initializing Product Engine!!dump() missing 1 required positional argument: 'fp'
2020-04-23 18:26:36,649-ERROR-components.product.modules.settings-12691::productEngine|57:: Error in initializing Product Engine!!dump() missing 1 required positional argument: 'fp'
2020-04-23 18:26:42,457-ERROR-components.product.modules.settings-12699::productEngine|57:: Error in initializing Product Engine!!name 'data' is not defined
2020-04-23 18:27:02,951-ERROR-components.product.modules.settings-12708::productEngine|57:: Error in initializing Product Engine!!Object of type TextIOWrapper is not JSON serializable
2020-04-23 18:27:08,029-ERROR-components.product.modules.settings-12715::productEngine|58:: Error in initializing Product Engine!!Object of type TextIOWrapper is not JSON serializable
2020-04-23 23:57:09,231-ERROR-components.product.modules.settings-12720::productEngine|58:: Error in initializing Product Engine!!<open file u'/home/setupadmin/adbiz/components/product/metadata/activation.key', mode 'r' at 0x7f9a83003ed0> is not JSON serializable
2020-04-23 23:57:09,232-ERROR-product.productEngine-12720::productEngine|67:: Activation file already exists. Please delete the file and proceed to reactivate..
2020-04-23 23:58:05,407-ERROR-product.productEngine-12784::productEngine|67:: Activation file already exists. Please delete the file and proceed to reactivate..
2020-04-23 23:58:30,116-ERROR-product.productEngine-12797::productEngine|67:: Activation file already exists. Please delete the file and proceed to reactivate..
2020-04-25 18:43:27,810-ERROR-product.productEngine-15341::productEngine|67:: Error!! Activation file already exists. Please delete the file and proceed to reactivate..
2020-04-25 18:44:15,886-ERROR-product.productEngine-15367::productEngine|120:: Error in creating activation file!![Errno 13] Permission denied: '/home/setupadmin/adbiz/components/product/metadata/activation.key'
2020-04-25 18:59:49,545-ERROR-product.productEngine-15808::productEngine|70:: Error!! Activation file already exists. Please delete the file and proceed to reactivate..
2020-04-25 19:00:17,044-ERROR-product.productEngine-15842::productEngine|123:: Error in creating activation file!![Errno 13] Permission denied: '/home/setupadmin/adbiz/components/product/metadata/activation.key'
2020-04-25 19:01:15,680-ERROR-product.productEngine-15866::productEngine|124:: Error in creating activation file!![Errno 13] Permission denied: '/home/setupadmin/adbiz/components/product/metadata/activation.key'
2020-04-25 19:01:50,787-ERROR-product.productEngine-15881::productEngine|97:: Error in activating the Product Engine!!join() takes exactly one argument (2 given)
2020-04-25 19:02:04,132-ERROR-product.productEngine-15893::productEngine|124:: Error in creating activation file!![Errno 13] Permission denied: '/home/setupadmin/adbiz/components/product/metadata/activation.key'
2020-04-25 19:02:50,384-ERROR-product.productEngine-15913::productEngine|125:: Error in creating activation file!![Errno 13] Permission denied: '/home/setupadmin/adbiz/components/product/metadata/activation.key'
2020-04-25 19:03:14,631-ERROR-product.productEngine-15924::productEngine|125:: Error in creating activation file!![Errno 13] Permission denied: '/home/setupadmin/adbiz/components/product/metadata/activation.key'
2020-04-25 19:03:33,874-ERROR-product.productEngine-15935::productEngine|125:: Error in creating activation file!![Errno 13] Permission denied: '/home/setupadmin/adbiz/components/product/metadata/activation.key'
2020-04-25 19:09:44,593-ERROR-product.productEngine-16015::productEngine|125:: Error in creating activation file!![Errno 13] Permission denied: '/home/setupadmin/adbiz/components/product/metadata/activation.key'
2020-04-25 19:10:34,820-ERROR-product.productEngine-16023::productEngine|125:: Error in creating activation file!![Errno 13] Permission denied: '/home/setupadmin/adbiz/components/product/metadata/activation.key'
2020-04-25 19:24:42,362-ERROR-product.productEngine-16207::productEngine|125:: Error in creating activation file!![Errno 13] Permission denied: '/home/setupadmin/adbiz/components/product/metadata/activation.key'
2020-05-12 00:06:32,308-ERROR-product.productEngine-25721::productEngine|131:: Error in creating activation file!![Errno 13] Permission denied: '/home/setupadmin/adbiz/components/product/metadata/activation.key'
2020-05-12 00:06:32,320-ERROR-product.productEngine-25721::productEngine|97:: Error!! Error in creating activation file.
2020-05-12 00:07:04,449-ERROR-product.productEngine-25726::productEngine|131:: Error in creating activation file!![Errno 13] Permission denied: '/home/setupadmin/adbiz/components/product/metadata/activation.key'
2020-05-12 00:07:04,449-ERROR-product.productEngine-25726::productEngine|97:: Error!! Error in creating activation file.
2020-05-12 06:24:15,636-ERROR-components.product.modules.settings-26943::productEngine|64:: Error in initializing Product Engine!!Expecting property name enclosed in double quotes: line 1 column 2 (char 1)
2020-05-12 06:24:21,794-ERROR-components.product.modules.settings-26958::productEngine|64:: Error in initializing Product Engine!!Expecting property name enclosed in double quotes: line 1 column 2 (char 1)
2020-05-12 06:25:09,471-ERROR-components.product.modules.settings-26984::productEngine|64:: Error in initializing Product Engine!!Expecting property name enclosed in double quotes: line 1 column 2 (char 1)
2020-05-12 06:25:51,014-ERROR-components.product.modules.settings-27017::productEngine|64:: Error in initializing Product Engine!!Expecting property name enclosed in double quotes: line 1 column 2 (char 1)
2020-05-12 06:46:11,252-ERROR-components.product.productEngine-27771::productEngine|132:: Error in creating activation file!![Errno 13] Permission denied: '/home/setupadmin/adbiz/components/product/metadata/activation.key'
2020-05-12 06:46:11,252-ERROR-components.product.productEngine-27771::productEngine|98:: Error!! Error in creating activation file.
2020-05-12 06:46:59,297-ERROR-components.product.productEngine-27795::productEngine|132:: Error in creating activation file!![Errno 13] Permission denied: '/home/setupadmin/adbiz/components/product/metadata/activation.key'
2020-05-12 06:46:59,298-ERROR-components.product.productEngine-27795::productEngine|98:: Error!! Error in creating activation file.
2020-05-12 06:49:02,569-ERROR-components.product.modules.settings-27892::productEngine|64:: Error in initializing Product Engine!!'activationKey'
2020-05-12 06:50:40,347-ERROR-components.product.modules.settings-27909::productEngine|64:: Error in initializing Product Engine!!'activationKey'
2020-05-12 06:51:03,242-ERROR-components.product.productEngine-27909::productEngine|73:: Error!! Activation file already exists. Please delete the file and proceed to reactivate..
2020-05-12 06:52:09,225-ERROR-components.product.modules.settings-27953::productEngine|64:: Error in initializing Product Engine!!'activationKey'
2020-05-12 06:52:15,405-ERROR-components.product.productEngine-27953::productEngine|133:: Error in creating activation file!!Object of type UUID is not JSON serializable
2020-05-12 06:52:15,406-ERROR-components.product.productEngine-27953::productEngine|99:: Error!! Error in creating activation file.
2020-05-12 06:53:02,033-ERROR-components.product.modules.settings-27986::productEngine|64:: Error in initializing Product Engine!!Expecting value: line 1 column 1 (char 0)
2020-05-12 06:53:07,086-ERROR-components.product.productEngine-27986::productEngine|133:: Error in creating activation file!!Object of type UUID is not JSON serializable
2020-05-12 06:53:07,087-ERROR-components.product.productEngine-27986::productEngine|99:: Error!! Error in creating activation file.
2020-05-12 06:55:30,736-ERROR-components.product.modules.settings-28029::productEngine|64:: Error in initializing Product Engine!!Expecting value: line 1 column 1 (char 0)
2020-05-12 06:56:44,489-ERROR-components.product.modules.settings-28047::productEngine|65:: Error in initializing Product Engine!!'activationKey'
2020-05-12 06:57:21,001-ERROR-components.product.modules.settings-28067::productEngine|65:: Error in initializing Product Engine!!'activationKey'
2020-05-12 06:57:49,904-ERROR-components.product.modules.settings-28085::productEngine|65:: Error in initializing Product Engine!!'activationKey'
2020-05-12 07:00:02,518-ERROR-components.product.modules.settings-28148::productEngine|65:: Error in initializing Product Engine!!'activationKey'
2020-05-12 07:02:40,503-ERROR-components.product.modules.settings-28201::productEngine|65:: Error in initializing Product Engine!!'activationKey'
2020-05-12 07:02:47,506-ERROR-components.product.modules.settings-28226::productEngine|65:: Error in initializing Product Engine!!'activationKey'
2020-05-12 07:02:49,218-ERROR-components.product.modules.settings-28236::productEngine|65:: Error in initializing Product Engine!!'activationKey'
2020-05-12 07:03:13,855-ERROR-components.product.modules.settings-28258::productEngine|65:: Error in initializing Product Engine!!'activationKey'
2020-05-12 07:04:14,996-ERROR-components.product.modules.settings-28288::productEngine|65:: Error in initializing Product Engine!!'activationKey'
2020-05-12 07:04:19,812-ERROR-components.product.modules.settings-28297::productEngine|65:: Error in initializing Product Engine!!'activationKey'
2020-05-12 07:07:51,213-ERROR-components.product.modules.settings-28369::productEngine|65:: Error in initializing Product Engine!!'activationKey'
2020-05-12 07:10:11,685-ERROR-components.product.modules.settings-28421::productEngine|65:: Error in initializing Product Engine!!'activationKey'
2020-05-12 07:10:54,077-ERROR-components.product.modules.settings-28445::productEngine|65:: Error in initializing Product Engine!!'activationKey'
2020-05-12 07:10:55,746-ERROR-components.product.modules.settings-28449::productEngine|65:: Error in initializing Product Engine!!'activationKey'
2020-05-12 07:11:09,052-ERROR-components.product.modules.settings-28459::productEngine|65:: Error in initializing Product Engine!!'activationKey'
2020-05-12 07:11:15,999-ERROR-components.product.modules.settings-28472::productEngine|65:: Error in initializing Product Engine!!'activationKey'
2020-05-12 07:12:10,890-ERROR-components.product.modules.settings-28497::productEngine|65:: Error in initializing Product Engine!!'activationKey'
2020-05-12 07:12:50,248-ERROR-components.product.modules.settings-28518::productEngine|65:: Error in initializing Product Engine!!'activationKey'
2020-05-12 07:13:06,596-ERROR-components.product.modules.settings-28534::productEngine|65:: Error in initializing Product Engine!!'activationKey'
2020-05-12 07:13:28,244-ERROR-components.product.modules.settings-28539::productEngine|65:: Error in initializing Product Engine!!'activationKey'
2020-05-12 07:14:32,447-ERROR-components.product.modules.settings-28556::productEngine|65:: Error in initializing Product Engine!!'activationKey'
2020-05-12 07:14:49,753-ERROR-components.product.modules.settings-28571::productEngine|65:: Error in initializing Product Engine!!'activationKey'
2020-05-12 07:15:03,986-ERROR-components.product.modules.settings-28582::productEngine|65:: Error in initializing Product Engine!!'activationKey'
2020-05-12 07:15:27,667-ERROR-components.product.modules.settings-28607::productEngine|65:: Error in initializing Product Engine!!'activationKey'
2020-05-12 07:15:54,352-ERROR-components.product.productEngine-28607::productEngine|74:: Error!! Activation file already exists. Please delete the file and proceed to reactivate..
2020-05-12 07:17:08,436-ERROR-components.product.modules.settings-28678::productEngine|65:: Error in initializing Product Engine!!'activationKey'
2020-05-12 07:18:03,433-ERROR-components.product.modules.settings-28702::productEngine|65:: Error in initializing Product Engine!!'activationKey'
2020-05-12 07:18:11,402-ERROR-components.product.modules.settings-28716::productEngine|65:: Error in initializing Product Engine!!'activationKey'
2020-05-12 07:19:14,581-ERROR-components.product.modules.settings-28736::productEngine|65:: Error in initializing Product Engine!!'activationKey'
2020-05-12 07:19:43,468-ERROR-components.product.modules.settings-28753::productEngine|65:: Error in initializing Product Engine!!'activationKey'
2020-05-12 07:19:47,304-ERROR-components.product.modules.settings-28762::productEngine|65:: Error in initializing Product Engine!!'activationKey'
2020-05-12 07:19:56,365-ERROR-components.product.productEngine-28762::productEngine|74:: Error!! Activation file already exists. Please delete the file and proceed to reactivate..
2020-05-12 07:20:38,095-ERROR-components.product.modules.settings-28784::productEngine|65:: Error in initializing Product Engine!!'activationKey'
2020-05-12 07:20:41,038-ERROR-components.product.productEngine-28784::productEngine|74:: Error!! Activation file already exists. Please delete the file and proceed to reactivate..
2020-05-12 07:21:49,999-ERROR-components.product.modules.settings-28818::productEngine|65:: Error in initializing Product Engine!!'activationKey'
2020-05-12 07:21:51,974-ERROR-components.product.productEngine-28818::productEngine|74:: Error!! Activation file already exists. Please delete the file and proceed to reactivate..
2020-05-12 14:04:32,255-ERROR-components.product.modules.settings-29309::productEngine|65:: Error in initializing Product Engine!!'activationKey'
2020-05-12 14:05:33,282-ERROR-components.product.modules.settings-29330::productEngine|65:: Error in initializing Product Engine!!'activationKey'
2020-05-12 14:06:27,050-ERROR-components.product.modules.settings-29340::productEngine|65:: Error in initializing Product Engine!!'activationKey'
2020-05-12 14:06:35,043-ERROR-components.product.modules.settings-29350::productEngine|65:: Error in initializing Product Engine!!'activationKey'
2020-05-12 14:07:55,370-ERROR-components.product.modules.settings-29364::productEngine|65:: Error in initializing Product Engine!!'activationKey'
2020-05-12 14:11:01,868-ERROR-components.product.modules.settings-29400::productEngine|65:: Error in initializing Product Engine!!'activationKey'
2020-05-12 14:14:55,331-ERROR-components.product.modules.settings-29436::productEngine|66:: Error in initializing Product Engine!!'activationKey'
2020-05-12 14:15:59,887-ERROR-components.product.modules.settings-29485::productEngine|66:: Error in initializing Product Engine!!'activationKey'
2020-05-12 14:16:23,657-ERROR-components.product.modules.settings-29509::productEngine|66:: Error in initializing Product Engine!!'activationKey'
2020-05-12 14:17:38,638-ERROR-components.product.modules.settings-29535::productEngine|66:: Error in initializing Product Engine!!'activationKey'
2020-05-12 14:18:28,449-ERROR-components.product.modules.settings-29552::productEngine|66:: Error in initializing Product Engine!!'activationKey'
2020-05-12 14:20:02,137-ERROR-components.product.modules.settings-29581::productEngine|66:: Error in initializing Product Engine!!'activationKey'
2020-05-12 14:21:29,425-ERROR-components.product.modules.settings-29620::productEngine|66:: Error in initializing Product Engine!!'activationKey'
2020-05-12 14:21:35,175-ERROR-components.product.modules.settings-29623::productEngine|66:: Error in initializing Product Engine!!'activationKey'
2020-05-12 14:22:52,865-ERROR-components.product.modules.settings-29638::productEngine|66:: Error in initializing Product Engine!!'activationKey'
2020-05-12 14:23:01,803-ERROR-components.product.modules.settings-29657::productEngine|66:: Error in initializing Product Engine!!'activationKey'
2020-05-12 14:23:26,308-ERROR-components.product.modules.settings-29660::productEngine|66:: Error in initializing Product Engine!!'activationKey'
2020-05-12 14:24:03,418-ERROR-components.product.modules.settings-29668::productEngine|66:: Error in initializing Product Engine!!'activationKey'
2020-05-12 14:24:15,496-ERROR-components.product.modules.settings-29687::productEngine|66:: Error in initializing Product Engine!!'activationKey'
2020-05-12 14:24:54,642-ERROR-components.product.modules.settings-29702::productEngine|66:: Error in initializing Product Engine!!'activationKey'
2020-05-12 14:24:58,327-ERROR-components.product.modules.settings-29710::productEngine|66:: Error in initializing Product Engine!!'activationKey'
2020-05-12 14:25:10,321-ERROR-components.product.modules.settings-29719::productEngine|66:: Error in initializing Product Engine!!'activationKey'
2020-05-12 14:25:19,307-ERROR-components.product.modules.settings-29727::productEngine|66:: Error in initializing Product Engine!!'activationKey'
2020-05-12 14:27:01,388-ERROR-components.product.modules.settings-29749::productEngine|66:: Error in initializing Product Engine!!'activationKey'
2020-05-12 14:27:09,303-ERROR-components.product.modules.settings-29752::productEngine|66:: Error in initializing Product Engine!!'activationKey'
2020-05-12 14:30:40,302-ERROR-components.product.modules.settings-29789::productEngine|66:: Error in initializing Product Engine!!'activationKey'
2020-05-12 14:30:42,938-ERROR-components.product.modules.settings-29798::productEngine|66:: Error in initializing Product Engine!!'activationKey'
2020-05-12 14:31:03,376-ERROR-components.product.modules.settings-29808::productEngine|66:: Error in initializing Product Engine!!'activationKey'
2020-05-12 14:31:43,573-ERROR-components.product.modules.settings-29819::productEngine|66:: Error in initializing Product Engine!!'activationKey'
2020-05-12 14:32:06,174-ERROR-components.product.modules.settings-29837::productEngine|66:: Error in initializing Product Engine!!'activationKey'
2020-05-12 14:32:44,401-ERROR-components.product.modules.settings-29850::productEngine|66:: Error in initializing Product Engine!!'activationKey'
2020-05-12 14:33:50,730-ERROR-components.product.modules.settings-29872::productEngine|66:: Error in initializing Product Engine!!'activationKey'
2020-05-12 15:40:55,877-ERROR-components.product.modules.settings-30072::productEngine|66:: Error in initializing Product Engine!!'activationKey'
2020-05-12 15:41:16,632-ERROR-components.product.modules.settings-30101::productEngine|66:: Error in initializing Product Engine!!'activationKey'
2020-05-12 15:41:19,451-ERROR-components.product.modules.settings-30110::productEngine|66:: Error in initializing Product Engine!!'activationKey'
2020-05-12 15:43:04,454-ERROR-components.product.modules.settings-30170::productEngine|66:: Error in initializing Product Engine!!'activationKey'
2020-05-12 15:43:27,068-ERROR-components.product.modules.settings-30203::productEngine|66:: Error in initializing Product Engine!!'activationKey'
2020-05-12 15:45:55,039-ERROR-components.product.modules.settings-30267::productEngine|66:: Error in initializing Product Engine!!'activationKey'
2020-05-12 15:50:44,612-ERROR-components.product.modules.settings-30366::productEngine|66:: Error in initializing Product Engine!!'activationKey'
2020-05-12 15:51:57,284-ERROR-components.product.modules.settings-30395::productEngine|66:: Error in initializing Product Engine!!'activationKey'
2020-05-12 15:54:31,585-ERROR-components.product.modules.settings-30439::productEngine|66:: Error in initializing Product Engine!!'activationKey'
2020-05-12 15:57:47,336-ERROR-components.product.modules.settings-30480::productEngine|66:: Error in initializing Product Engine!!'activationKey'
2020-05-12 15:58:01,618-ERROR-components.product.modules.settings-30497::productEngine|66:: Error in initializing Product Engine!!'activationKey'
2020-05-12 15:58:30,576-ERROR-components.product.modules.settings-30514::productEngine|66:: Error in initializing Product Engine!!'activationKey'
2020-05-12 15:59:34,842-ERROR-components.product.modules.settings-30550::productEngine|66:: Error in initializing Product Engine!!'activationKey'
2020-05-12 16:00:11,100-ERROR-components.product.modules.settings-30576::productEngine|66:: Error in initializing Product Engine!!'activationKey'
2020-05-12 16:01:30,203-ERROR-components.product.modules.settings-30618::productEngine|66:: Error in initializing Product Engine!!'activationKey'
2020-05-12 16:03:14,744-ERROR-components.product.modules.settings-30638::productEngine|66:: Error in initializing Product Engine!!'activationKey'
2020-05-12 16:23:09,537-ERROR-components.product.modules.settings-30754::productEngine|66:: Error in initializing Product Engine!!'activationKey'
2020-05-12 16:24:39,982-ERROR-components.product.modules.settings-30832::productEngine|66:: Error in initializing Product Engine!!'activationKey'
2020-05-12 16:26:19,564-ERROR-components.product.modules.settings-30874::productEngine|66:: Error in initializing Product Engine!!'activationKey'
2020-05-12 16:26:26,545-ERROR-components.product.modules.settings-30878::productEngine|66:: Error in initializing Product Engine!!'activationKey'
2020-05-12 16:26:57,422-ERROR-components.product.modules.settings-30888::productEngine|66:: Error in initializing Product Engine!!'activationKey'
2020-05-12 16:27:36,763-ERROR-components.product.modules.settings-30903::productEngine|66:: Error in initializing Product Engine!!'activationKey'
2020-05-12 16:27:52,024-ERROR-components.product.modules.settings-30920::productEngine|66:: Error in initializing Product Engine!!'activationKey'
2020-05-12 16:28:54,122-ERROR-components.product.modules.settings-30948::productEngine|66:: Error in initializing Product Engine!!'activationKey'
2020-05-12 16:29:52,997-ERROR-components.product.modules.settings-30962::productEngine|66:: Error in initializing Product Engine!!'activationKey'
2020-05-12 16:30:08,224-ERROR-components.product.modules.settings-30998::productEngine|66:: Error in initializing Product Engine!!'activationKey'
2020-05-12 16:30:33,962-ERROR-components.product.modules.settings-31000::productEngine|66:: Error in initializing Product Engine!!'activationKey'
2020-05-12 16:31:49,183-ERROR-components.product.modules.settings-31047::productEngine|66:: Error in initializing Product Engine!!'activationKey'
2020-05-12 16:31:49,525-ERROR-components.product.modules.settings-31049::productEngine|66:: Error in initializing Product Engine!!'activationKey'
2020-05-12 16:32:59,847-ERROR-components.product.productEngine-31049::productEngine|75:: Error!! Activation file already exists. Please delete the file and proceed to reactivate..
2020-05-12 16:35:44,682-ERROR-components.product.modules.settings-31145::productEngine|66:: Error in initializing Product Engine!!'activationKey'
2020-05-12 16:35:45,024-ERROR-components.product.modules.settings-31147::productEngine|66:: Error in initializing Product Engine!!'activationKey'
2020-05-12 16:36:09,949-ERROR-components.product.modules.settings-31186::productEngine|66:: Error in initializing Product Engine!!'activationKey'
2020-05-12 16:36:10,204-ERROR-components.product.modules.settings-31188::productEngine|66:: Error in initializing Product Engine!!'activationKey'
2020-05-12 16:37:04,971-ERROR-components.product.modules.settings-31207::productEngine|66:: Error in initializing Product Engine!!'activationKey'
2020-05-12 16:39:44,391-ERROR-components.product.modules.settings-31253::productEngine|66:: Error in initializing Product Engine!!'activationKey'
2020-05-12 16:39:58,125-ERROR-components.product.modules.settings-31274::productEngine|66:: Error in initializing Product Engine!!'activationKey'
2020-05-12 16:40:09,826-ERROR-components.product.modules.settings-31282::productEngine|66:: Error in initializing Product Engine!!'activationKey'
2020-05-12 16:40:16,261-ERROR-components.product.modules.settings-31284::productEngine|66:: Error in initializing Product Engine!!'activationKey'
2020-05-12 16:42:17,468-ERROR-components.product.modules.settings-31361::productEngine|66:: Error in initializing Product Engine!!'activationKey'
2020-05-12 16:54:48,563-ERROR-components.product.modules.settings-31534::productEngine|66:: Error in initializing Product Engine!!'activationKey'
2020-05-12 17:49:27,991-ERROR-components.product.modules.settings-32027::productEngine|66:: Error in initializing Product Engine!!'activationKey'
2020-05-12 18:28:09,873-ERROR-components.product.modules.settings-32735::productEngine|66:: Error in initializing Product Engine!!'activationKey'
2020-05-12 18:48:04,797-ERROR-components.product.modules.settings-949::productEngine|66:: Error in initializing Product Engine!!'activationKey'
2020-05-13 17:22:07,097-ERROR-components.product.modules.settings-3085::productEngine|66:: Error in initializing Product Engine!!'activationKey'
2020-05-13 17:23:15,435-ERROR-components.product.modules.settings-3102::productEngine|66:: Error in initializing Product Engine!!'activationKey'
2020-05-13 17:23:55,881-ERROR-components.product.modules.settings-3143::productEngine|66:: Error in initializing Product Engine!!'activationKey'
2020-05-13 17:24:17,249-ERROR-components.product.modules.settings-3155::productEngine|66:: Error in initializing Product Engine!!'activationKey'
2020-05-13 17:24:52,290-ERROR-components.product.modules.settings-3171::productEngine|66:: Error in initializing Product Engine!!'activationKey'
2020-05-13 17:25:49,334-ERROR-components.product.modules.settings-3178::productEngine|66:: Error in initializing Product Engine!!'activationKey'
2020-05-13 17:26:35,977-ERROR-components.product.modules.settings-3191::productEngine|66:: Error in initializing Product Engine!!'activationKey'
2020-05-13 17:26:54,476-ERROR-components.product.modules.settings-3206::productEngine|66:: Error in initializing Product Engine!!'activationKey'
2020-05-13 17:27:15,940-ERROR-components.product.modules.settings-3213::productEngine|66:: Error in initializing Product Engine!!'activationKey'
2020-05-13 17:27:50,868-ERROR-components.product.modules.settings-3225::productEngine|66:: Error in initializing Product Engine!!'activationKey'
2020-05-13 17:28:06,125-ERROR-components.product.modules.settings-3235::productEngine|66:: Error in initializing Product Engine!!'activationKey'
2020-05-13 17:28:56,728-ERROR-components.product.modules.settings-3249::productEngine|67:: Error in initializing Product Engine!!'activationKey'
2020-05-13 17:29:21,287-ERROR-components.product.modules.settings-3276::productEngine|67:: Error in initializing Product Engine!!'activationKey'
2020-05-15 14:24:49,185-ERROR-components.product.modules.settings-18846::productEngine|67:: Error in initializing Product Engine!!'activationKey'
2020-05-15 14:24:49,714-ERROR-components.product.modules.settings-18848::productEngine|67:: Error in initializing Product Engine!!'activationKey'
2020-05-15 14:26:17,469-ERROR-components.product.modules.settings-18889::productEngine|67:: Error in initializing Product Engine!!'activationKey'
2020-05-15 14:26:17,812-ERROR-components.product.modules.settings-18891::productEngine|67:: Error in initializing Product Engine!!'activationKey'
2020-05-15 14:26:33,294-ERROR-components.product.modules.settings-18901::productEngine|67:: Error in initializing Product Engine!!'activationKey'
2020-05-15 14:26:33,328-ERROR-components.product.modules.settings-18902::productEngine|67:: Error in initializing Product Engine!!'activationKey'
2020-05-15 18:33:05,368-ERROR-components.product.modules.settings-24394::productEngine|67:: Error in initializing Product Engine!!'activationKey'
2020-05-15 18:33:24,764-ERROR-components.product.modules.settings-24406::productEngine|67:: Error in initializing Product Engine!!'activationKey'
2020-05-15 18:34:22,693-ERROR-components.product.modules.settings-24431::productEngine|67:: Error in initializing Product Engine!!'activationKey'
2020-05-15 18:36:49,788-ERROR-components.product.modules.settings-24464::productEngine|67:: Error in initializing Product Engine!!'activationKey'
2020-05-15 18:43:17,489-ERROR-components.product.modules.settings-24833::productEngine|67:: Error in initializing Product Engine!!'activationKey'
2020-05-15 18:43:44,400-ERROR-components.product.modules.settings-24840::productEngine|67:: Error in initializing Product Engine!!'activationKey'
2020-05-15 18:44:23,661-ERROR-components.product.modules.settings-24861::productEngine|67:: Error in initializing Product Engine!!'activationKey'
2020-05-15 18:46:09,855-ERROR-components.product.modules.settings-24895::productEngine|67:: Error in initializing Product Engine!!'activationKey'
2020-05-15 18:46:46,236-ERROR-components.product.modules.settings-24905::productEngine|67:: Error in initializing Product Engine!!'activationKey'
2020-05-15 18:47:24,675-ERROR-components.product.modules.settings-24921::productEngine|67:: Error in initializing Product Engine!!'activationKey'
2020-05-15 18:51:41,156-ERROR-components.product.modules.settings-24970::productEngine|67:: Error in initializing Product Engine!!'activationKey'
2020-05-15 18:52:12,145-ERROR-components.product.modules.settings-24989::productEngine|67:: Error in initializing Product Engine!!'activationKey'
2020-05-15 18:53:19,648-ERROR-components.product.modules.settings-25003::productEngine|67:: Error in initializing Product Engine!!'activationKey'
2020-05-15 18:54:34,264-ERROR-components.product.modules.settings-25019::productEngine|67:: Error in initializing Product Engine!!'activationKey'
2020-05-15 18:55:21,118-ERROR-components.product.modules.settings-25035::productEngine|67:: Error in initializing Product Engine!!'activationKey'
2020-05-15 18:55:48,991-ERROR-components.product.modules.settings-25052::productEngine|67:: Error in initializing Product Engine!!'activationKey'
2020-05-15 18:56:23,296-ERROR-components.product.modules.settings-25059::productEngine|67:: Error in initializing Product Engine!!'activationKey'
2020-05-15 18:56:54,607-ERROR-components.product.modules.settings-25079::productEngine|67:: Error in initializing Product Engine!!'activationKey'
2020-05-15 18:57:10,975-ERROR-components.product.modules.settings-25095::productEngine|67:: Error in initializing Product Engine!!'activationKey'
2020-05-15 18:57:39,980-ERROR-components.product.modules.settings-25101::productEngine|67:: Error in initializing Product Engine!!'activationKey'
2020-05-15 18:57:54,290-ERROR-components.product.modules.settings-25118::productEngine|67:: Error in initializing Product Engine!!'activationKey'
2020-05-15 18:58:12,802-ERROR-components.product.modules.settings-25128::productEngine|67:: Error in initializing Product Engine!!'activationKey'
2020-05-15 18:58:23,965-ERROR-components.product.modules.settings-25138::productEngine|67:: Error in initializing Product Engine!!'activationKey'
2020-05-15 18:58:35,102-ERROR-components.product.modules.settings-25148::productEngine|67:: Error in initializing Product Engine!!'activationKey'
2020-05-15 18:58:36,762-ERROR-components.product.modules.settings-25152::productEngine|67:: Error in initializing Product Engine!!'activationKey'
2020-05-15 18:59:15,078-ERROR-components.product.modules.settings-25167::productEngine|67:: Error in initializing Product Engine!!'activationKey'
2020-05-15 18:59:25,132-ERROR-components.product.modules.settings-25171::productEngine|67:: Error in initializing Product Engine!!'activationKey'
2020-05-15 19:00:07,605-ERROR-components.product.modules.settings-25188::productEngine|67:: Error in initializing Product Engine!!'activationKey'
2020-05-15 19:00:22,995-ERROR-components.product.modules.settings-25200::productEngine|67:: Error in initializing Product Engine!!'activationKey'
2020-05-15 19:01:05,513-ERROR-components.product.modules.settings-25222::productEngine|67:: Error in initializing Product Engine!!'activationKey'
2020-05-15 19:01:46,140-ERROR-components.product.modules.settings-25235::productEngine|67:: Error in initializing Product Engine!!'activationKey'
2020-05-15 19:01:55,213-ERROR-components.product.modules.settings-25244::productEngine|67:: Error in initializing Product Engine!!'activationKey'
2020-05-15 19:02:16,794-ERROR-components.product.modules.settings-25271::productEngine|67:: Error in initializing Product Engine!!'activationKey'
2020-05-15 19:02:47,693-ERROR-components.product.modules.settings-25276::productEngine|67:: Error in initializing Product Engine!!'activationKey'
2020-05-15 19:02:54,656-ERROR-components.product.modules.settings-25287::productEngine|67:: Error in initializing Product Engine!!'activationKey'
2020-05-15 19:03:37,067-ERROR-components.product.modules.settings-25303::productEngine|67:: Error in initializing Product Engine!!'activationKey'
2020-05-15 19:03:45,051-ERROR-components.product.modules.settings-25313::productEngine|67:: Error in initializing Product Engine!!'activationKey'
2020-05-15 19:03:52,996-ERROR-components.product.modules.settings-25323::productEngine|67:: Error in initializing Product Engine!!'activationKey'
2020-05-15 19:04:30,211-ERROR-components.product.modules.settings-25334::productEngine|67:: Error in initializing Product Engine!!'activationKey'
2020-05-15 19:04:40,447-ERROR-components.product.modules.settings-25344::productEngine|67:: Error in initializing Product Engine!!'activationKey'
2020-05-15 19:05:11,597-ERROR-components.product.modules.settings-25357::productEngine|67:: Error in initializing Product Engine!!'activationKey'
2020-05-15 19:06:08,015-ERROR-components.product.modules.settings-25406::productEngine|67:: Error in initializing Product Engine!!'activationKey'
2020-05-15 19:06:58,258-ERROR-components.product.modules.settings-25436::productEngine|67:: Error in initializing Product Engine!!'activationKey'
2020-05-15 19:08:30,286-ERROR-components.product.modules.settings-25458::productEngine|67:: Error in initializing Product Engine!!'activationKey'
2020-05-15 19:08:56,144-ERROR-components.product.modules.settings-25472::productEngine|67:: Error in initializing Product Engine!!'activationKey'
2020-05-15 19:09:18,840-ERROR-components.product.modules.settings-25484::productEngine|67:: Error in initializing Product Engine!!'activationKey'
2020-05-15 19:09:36,308-ERROR-components.product.modules.settings-25501::productEngine|67:: Error in initializing Product Engine!!'activationKey'
2020-05-15 19:10:02,180-ERROR-components.product.modules.settings-25509::productEngine|67:: Error in initializing Product Engine!!'activationKey'
2020-05-15 19:12:06,761-ERROR-components.product.modules.settings-25542::productEngine|67:: Error in initializing Product Engine!!'activationKey'
2020-05-15 19:13:04,327-ERROR-components.product.modules.settings-25595::productEngine|67:: Error in initializing Product Engine!!'activationKey'
2020-05-15 19:13:04,947-ERROR-components.product.modules.settings-25597::productEngine|67:: Error in initializing Product Engine!!'activationKey'
2020-05-15 19:14:12,499-ERROR-components.product.modules.settings-25636::productEngine|67:: Error in initializing Product Engine!!'activationKey'
2020-05-15 19:16:20,856-ERROR-components.product.modules.settings-25772::productEngine|67:: Error in initializing Product Engine!!'activationKey'
2020-05-15 19:20:10,876-ERROR-components.product.modules.settings-25844::productEngine|67:: Error in initializing Product Engine!!'activationKey'
2020-05-15 19:20:29,729-ERROR-components.product.modules.settings-25863::productEngine|67:: Error in initializing Product Engine!!'activationKey'
2020-05-15 19:20:39,048-ERROR-components.product.modules.settings-25866::productEngine|67:: Error in initializing Product Engine!!'activationKey'
2020-05-21 19:36:06,913-ERROR-components.product.modules.settings-8747::productEngine|67:: Error in initializing Product Engine!!'activationKey'
2020-05-21 19:37:00,341-ERROR-components.product.modules.settings-8789::productEngine|67:: Error in initializing Product Engine!!'activationKey'
2020-05-21 19:37:05,297-ERROR-components.product.modules.settings-8791::productEngine|67:: Error in initializing Product Engine!!'activationKey'
2020-05-21 19:41:26,648-ERROR-components.product.modules.settings-8970::productEngine|67:: Error in initializing Product Engine!!'activationKey'
2020-05-21 19:41:32,354-ERROR-components.product.modules.settings-8972::productEngine|67:: Error in initializing Product Engine!!'activationKey'
